<?xml version="1.0" encoding="UTF-8"?>
<!-- Generated by org.testng.reporters.JUnitXMLReporter -->
<testsuite hostname="DESKTOP-EC9NRGI" ignored="0" name="class2" tests="4" failures="0" timestamp="11 Jan 2022 09:07:39 GMT" time="49.005" errors="0">
  <testcase name="addBook" time="35.057" classname="Test.BuyingBook"/>
  <testcase name="viewBasket" time="12.989" classname="Test.BuyingBook"/>
  <testcase name="skippedMethod" time="0.003" classname="Test.BuyingBook">
    <skipped/>
  </testcase> <!-- skippedMethod -->
  <testcase name="exitSite" time="0.94" classname="Test.BuyingBook"/>
</testsuite> <!-- class2 -->
