<?xml version="1.0" encoding="UTF-8"?>
<!-- Generated by org.testng.reporters.JUnitXMLReporter -->
<testsuite hostname="DESKTOP-EC9NRGI" ignored="0" name="class3" tests="4" failures="0" timestamp="11 Jan 2022 09:08:11 GMT" time="31.651" errors="0">
  <testcase name="login" time="24.155" classname="Test.swagorder"/>
  <testcase name="addToCart" time="2.717" classname="Test.swagorder"/>
  <testcase name="checkout" time="3.955" classname="Test.swagorder"/>
  <testcase name="teardown" time="0.811" classname="Test.swagorder"/>
</testsuite> <!-- class3 -->
