<?xml version="1.0" encoding="UTF-8"?>
<!-- Generated by org.testng.reporters.JUnitXMLReporter -->
<testsuite hostname="DESKTOP-EC9NRGI" ignored="0" name="Regression" tests="3" failures="0" timestamp="11 Jan 2022 08:40:06 GMT" time="44.014" errors="0">
  <testcase name="addBookToCart" time="18.825" classname="Test.ApplyCoupunCode"/>
  <testcase name="addBook" time="19.768" classname="Test.BuyingBook"/>
  <testcase name="login" time="5.365" classname="Test.swagorder"/>
</testsuite> <!-- Regression -->
