<?xml version="1.0" encoding="UTF-8"?>
<!-- Generated by org.testng.reporters.JUnitXMLReporter -->
<testsuite hostname="DESKTOP-EC9NRGI" ignored="0" name="Default test" tests="4" failures="0" timestamp="10 Jan 2022 09:28:43 GMT" time="31.563" errors="0">
  <testcase name="addBook" time="21.634" classname="Test.BuyingBook"/>
  <testcase name="viewBasket" time="8.946" classname="Test.BuyingBook"/>
  <testcase name="skippedMethod" time="0.005" classname="Test.BuyingBook">
    <skipped/>
  </testcase> <!-- skippedMethod -->
  <testcase name="exitSite" time="0.922" classname="Test.BuyingBook"/>
</testsuite> <!-- Default test -->
