<?xml version="1.0" encoding="UTF-8"?>
<!-- Generated by org.testng.reporters.JUnitXMLReporter -->
<testsuite hostname="DESKTOP-EC9NRGI" ignored="0" name="Regression" tests="3" failures="0" timestamp="10 Jan 2022 09:33:29 GMT" time="58.686" errors="0">
  <testcase name="addBookToCart" time="25.017" classname="Test.ApplyCoupunCode"/>
  <testcase name="addBook" time="27.39" classname="Test.BuyingBook"/>
  <testcase name="login" time="6.225" classname="Test.swagorder"/>
</testsuite> <!-- Regression -->
