<?xml version="1.0" encoding="UTF-8"?>
<testsuite xmlns:xsi="http://www.w3.org/2001/XMLSchema-instance" xsi:noNamespaceSchemaLocation="https://maven.apache.org/surefire/maven-surefire-plugin/xsd/surefire-test-report.xsd" name="TestSuite" time="373.168" tests="13" errors="0" skipped="2" failures="1">
  <properties>
[...]
</properties>
  <testcase name="addBookToCart" classname="Test.ApplyCoupunCode" time="171.523"/>
  <testcase name="BasketDetails" classname="Test.ApplyCoupunCode" time="88.416"/>
  <testcase name="cCode" classname="Test.ApplyCoupunCode" time="0.282">
    <failure message="element not interactable&#10;  (Session info: chrome=97.0.4692.71)&#10;Build info: version: &apos;3.141.59&apos;, revision: &apos;e82be7d358&apos;, time: &apos;2018-11-14T08:17:03&apos;&#10;System info: host: &apos;DESKTOP-EC9NRGI&apos;, ip: &apos;192.168.91.71&apos;, os.name: &apos;Windows 10&apos;, os.arch: &apos;amd64&apos;, os.version: &apos;10.0&apos;, java.version: &apos;1.8.0_301&apos;&#10;Driver info: org.openqa.selenium.chrome.ChromeDriver&#10;Capabilities {acceptInsecureCerts: false, browserName: chrome, browserVersion: 97.0.4692.71, chrome: {chromedriverVersion: 97.0.4692.71 (adefa7837d02a..., userDataDir: C:\Users\Hp\AppData\Local\T...}, goog:chromeOptions: {debuggerAddress: localhost:59475}, javascriptEnabled: true, networkConnectionEnabled: false, pageLoadStrategy: normal, platform: WINDOWS, platformName: WINDOWS, proxy: Proxy(), setWindowRect: true, strictFileInteractability: false, timeouts: {implicit: 0, pageLoad: 300000, script: 30000}, unhandledPromptBehavior: dismiss and notify, webauthn:extension:credBlob: true, webauthn:extension:largeBlob: true, webauthn:virtualAuthenticators: true}&#10;Session ID: 05f99f7ba7b6f22df9da287112a5e41c" type="org.openqa.selenium.ElementNotInteractableException">org.openqa.selenium.ElementNotInteractableException: 
element not interactable
  (Session info: chrome=97.0.4692.71)
Build info: version: '3.141.59', revision: 'e82be7d358', time: '2018-11-14T08:17:03'
System info: host: 'DESKTOP-EC9NRGI', ip: '192.168.91.71', os.name: 'Windows 10', os.arch: 'amd64', os.version: '10.0', java.version: '1.8.0_301'
Driver info: org.openqa.selenium.chrome.ChromeDriver
Capabilities {acceptInsecureCerts: false, browserName: chrome, browserVersion: 97.0.4692.71, chrome: {chromedriverVersion: 97.0.4692.71 (adefa7837d02a..., userDataDir: C:\Users\Hp\AppData\Local\T...}, goog:chromeOptions: {debuggerAddress: localhost:59475}, javascriptEnabled: true, networkConnectionEnabled: false, pageLoadStrategy: normal, platform: WINDOWS, platformName: WINDOWS, proxy: Proxy(), setWindowRect: true, strictFileInteractability: false, timeouts: {implicit: 0, pageLoad: 300000, script: 30000}, unhandledPromptBehavior: dismiss and notify, webauthn:extension:credBlob: true, webauthn:extension:largeBlob: true, webauthn:virtualAuthenticators: true}
Session ID: 05f99f7ba7b6f22df9da287112a5e41c
	at Test.ApplyCoupunCode.cCode(ApplyCoupunCode.java:48)
</failure>
  </testcase>
  <testcase name="dskippedMethod" classname="Test.ApplyCoupunCode" time="0">
    <skipped message="Skipping this exception"/>
  </testcase>
  <testcase name="exitSite" classname="Test.ApplyCoupunCode" time="1.067"/>
  <testcase name="addBook" classname="Test.BuyingBook" time="84.602"/>
  <testcase name="viewBasket" classname="Test.BuyingBook" time="10.737"/>
  <testcase name="skippedMethod" classname="Test.BuyingBook" time="0">
    <skipped message="Skipping this exception"/>
  </testcase>
  <testcase name="exitSite" classname="Test.BuyingBook" time="0.961"/>
  <testcase name="login" classname="Test.swagorder" time="6.105"/>
  <testcase name="addToCart" classname="Test.swagorder" time="2.781"/>
  <testcase name="checkout" classname="Test.swagorder" time="3.994"/>
  <testcase name="teardown" classname="Test.swagorder" time="0.808"/>
</testsuite>