<?xml version="1.0" encoding="UTF-8"?>
<testng-results skipped="0" failed="0" ignored="0" total="3" passed="3">
  <reporter-output>
  </reporter-output>
  <suite name="Testing Google Apps" duration-ms="58686" started-at="2022-01-10T09:32:30Z" finished-at="2022-01-10T09:33:29Z">
    <groups>
    </groups>
    <test name="Regression" duration-ms="58686" started-at="2022-01-10T09:32:30Z" finished-at="2022-01-10T09:33:29Z">
      <class name="Test.BuyingBook">
        <test-method status="PASS" signature="addBook()[pri:1, instance:Test.BuyingBook@343f4d3d]" name="addBook" duration-ms="27390" started-at="2022-01-10T09:32:55Z" finished-at="2022-01-10T09:33:23Z">
          <reporter-output>
          </reporter-output>
        </test-method> <!-- addBook -->
      </class> <!-- Test.BuyingBook -->
      <class name="Test.swagorder">
        <test-method status="PASS" signature="login()[pri:1, instance:Test.swagorder@53b32d7]" name="login" duration-ms="6225" started-at="2022-01-10T09:33:23Z" finished-at="2022-01-10T09:33:29Z">
          <reporter-output>
          </reporter-output>
        </test-method> <!-- login -->
      </class> <!-- Test.swagorder -->
      <class name="Test.ApplyCoupunCode">
        <test-method status="PASS" signature="addBookToCart()[pri:1, instance:Test.ApplyCoupunCode@57baeedf]" name="addBookToCart" duration-ms="25017" started-at="2022-01-10T09:32:30Z" finished-at="2022-01-10T09:32:55Z">
          <reporter-output>
          </reporter-output>
        </test-method> <!-- addBookToCart -->
      </class> <!-- Test.ApplyCoupunCode -->
    </test> <!-- Regression -->
  </suite> <!-- Testing Google Apps -->
</testng-results>
