<?xml version="1.0" encoding="UTF-8"?>
<!-- Generated by org.testng.reporters.JUnitXMLReporter -->
<testsuite hostname="DESKTOP-EC9NRGI" ignored="0" name="Regression" tests="3" failures="0" timestamp="10 Jan 2022 11:42:38 GMT" time="57.335" errors="0">
  <testcase name="addBookToCart" time="25.621" classname="Test.ApplyCoupunCode"/>
  <testcase name="addBook" time="25.768" classname="Test.BuyingBook"/>
  <testcase name="login" time="5.908" classname="Test.swagorder"/>
</testsuite> <!-- Regression -->
