<?xml version="1.0" encoding="UTF-8"?>
<!-- Generated by org.testng.reporters.JUnitXMLReporter -->
<testsuite hostname="DESKTOP-EC9NRGI" ignored="0" name="class3" tests="4" failures="0" timestamp="11 Jan 2022 09:20:40 GMT" time="13.704" errors="0">
  <testcase name="login" time="6.118" classname="Test.swagorder"/>
  <testcase name="addToCart" time="2.78" classname="Test.swagorder"/>
  <testcase name="checkout" time="3.994" classname="Test.swagorder"/>
  <testcase name="teardown" time="0.807" classname="Test.swagorder"/>
</testsuite> <!-- class3 -->
