<?xml version="1.0" encoding="UTF-8"?>
<!-- Generated by org.testng.reporters.JUnitXMLReporter -->
<testsuite hostname="DESKTOP-EC9NRGI" ignored="0" name="class2" tests="4" failures="0" timestamp="11 Jan 2022 09:20:26 GMT" time="96.31" errors="0">
  <testcase name="addBook" time="84.603" classname="Test.BuyingBook"/>
  <testcase name="viewBasket" time="10.739" classname="Test.BuyingBook"/>
  <testcase name="skippedMethod" time="0.001" classname="Test.BuyingBook">
    <skipped/>
  </testcase> <!-- skippedMethod -->
  <testcase name="exitSite" time="0.961" classname="Test.BuyingBook"/>
</testsuite> <!-- class2 -->
